[2025-01-27 10:41:05.664] [WARNING]  [HIER] 
durations.fst1.ingress.distanceValid.Fast:826ms
durations.fst1.ingress.distanceValid.Slow:2930ms
durations.fst1.ingress.expected.Fast:1652ms
durations.fst1.ingress.expected.Slow:5861ms
durations.fst1.ingress.expired.Fast:2551ms
durations.fst1.ingress.expired.Slow:7514ms
durations.fst1.heightSensor.expected.Fast:677ms
durations.fst1.heightSensor.expected.Slow:2866ms
durations.fst1.heightSensor.expired.Fast:1193ms
durations.fst1.heightSensor.expired.Slow:3457ms
durations.fst1.sorting.distanceValid.Fast:734ms
durations.fst1.sorting.distanceValid.Slow:2726ms
durations.fst1.sorting.expected.Fast:1468ms
durations.fst1.sorting.expected.Slow:5453ms
durations.fst1.sorting.expired.Fast:2017ms
durations.fst1.sorting.expired.Slow:5921ms
durations.fst1.egress.expected.Fast:50ms
durations.fst1.egress.expected.Slow:100ms
durations.fst1.egress.expired.Fast:2000ms
durations.fst1.egress.expired.Slow:4000ms
durations.fst2.ingress.distanceValid.Fast:0ms
durations.fst2.ingress.distanceValid.Slow:0ms
durations.fst2.ingress.expected.Fast:1560ms
durations.fst2.ingress.expected.Slow:4293ms
durations.fst2.ingress.expired.Fast:2126ms
durations.fst2.ingress.expired.Slow:4816ms
durations.fst2.heightSensor.expected.Fast:566ms
durations.fst2.heightSensor.expected.Slow:1953ms
durations.fst2.heightSensor.expired.Fast:1147ms
durations.fst2.heightSensor.expired.Slow:2577ms
durations.fst2.sorting.distanceValid.Fast:695ms
durations.fst2.sorting.distanceValid.Slow:1930ms
durations.fst2.sorting.expected.Fast:1391ms
durations.fst2.sorting.expected.Slow:3861ms
durations.fst2.sorting.expired.Fast:1967ms
durations.fst2.sorting.expired.Slow:4473ms

[2025-01-27 11:30:13.430] [WARNING]  [HIER] 
durations.fst1.ingress.distanceValid.Fast:827ms
durations.fst1.ingress.distanceValid.Slow:2952ms
durations.fst1.ingress.expected.Fast:1654ms
durations.fst1.ingress.expected.Slow:5905ms
durations.fst1.ingress.expired.Fast:2562ms
durations.fst1.ingress.expired.Slow:7532ms
durations.fst1.heightSensor.expected.Fast:628ms
durations.fst1.heightSensor.expected.Slow:2892ms
durations.fst1.heightSensor.expired.Fast:1200ms
durations.fst1.heightSensor.expired.Slow:3444ms
durations.fst1.sorting.distanceValid.Fast:729ms
durations.fst1.sorting.distanceValid.Slow:2742ms
durations.fst1.sorting.expected.Fast:1458ms
durations.fst1.sorting.expected.Slow:5485ms
durations.fst1.sorting.expired.Fast:2016ms
durations.fst1.sorting.expired.Slow:5936ms
durations.fst1.egress.expected.Fast:50ms
durations.fst1.egress.expected.Slow:100ms
durations.fst1.egress.expired.Fast:2000ms
durations.fst1.egress.expired.Slow:4000ms
durations.fst2.ingress.distanceValid.Fast:0ms
durations.fst2.ingress.distanceValid.Slow:0ms
durations.fst2.ingress.expected.Fast:1562ms
durations.fst2.ingress.expected.Slow:4454ms
durations.fst2.ingress.expired.Fast:2123ms
durations.fst2.ingress.expired.Slow:4795ms
durations.fst2.heightSensor.expected.Fast:594ms
durations.fst2.heightSensor.expected.Slow:1959ms
durations.fst2.heightSensor.expired.Fast:1147ms
durations.fst2.heightSensor.expired.Slow:2529ms
durations.fst2.sorting.distanceValid.Fast:698ms
durations.fst2.sorting.distanceValid.Slow:1939ms
durations.fst2.sorting.expected.Fast:1397ms
durations.fst2.sorting.expected.Slow:3878ms
durations.fst2.sorting.expired.Fast:1965ms
durations.fst2.sorting.expired.Slow:4438ms